12:45:02 PM [express] serving on port 5000
12:45:15 PM [express] GET /api/tools/export-csv 200 in 5ms
Browserslist: browsers data (caniuse-lite) is 11 months old. Please run:
  npx update-browserslist-db@latest
  Why you should do it regularly: https://github.com/browserslist/update-db#readme
1:37:27 PM [express] GET /api/tools 200 in 4ms :: [{"id":"5351e9f4-d07b-4578-846d-bfc05878e188","nam…
1:37:27 PM [express] GET /api/categories 200 in 3ms :: [{"id":"a8546e3e-0f3f-4ffb-9aa3-f902a9bafc03"…
2:07:22 PM [express] GET /api/tools/quality 200 in 3ms :: [{"id":"69f61222-c6f0-4bbd-997e-5810702fdc…
2:07:22 PM [express] GET /api/categories 200 in 0ms :: [{"id":"a8546e3e-0f3f-4ffb-9aa3-f902a9bafc03"…
2:07:22 PM [express] GET /api/compatibility-matrix 200 in 6ms :: [{"toolOne":{"id":"5351e9f4-d07b-45…
2:07:27 PM [express] GET /api/tools 200 in 1ms :: [{"id":"5351e9f4-d07b-4578-846d-bfc05878e188","nam…
2:07:29 PM [express] GET /api/tools/export-csv 200 in 1ms
5:56:36 PM [express] GET /api/tools/export-csv 200 in 8ms
5:57:03 PM [express] GET /api/tools/quality 200 in 3ms :: [{"id":"69f61222-c6f0-4bbd-997e-5810702fdc…
5:57:03 PM [express] GET /api/compatibility-matrix 200 in 3ms :: [{"toolOne":{"id":"5351e9f4-d07b-45…
6:21:36 PM [express] GET /api/compatibility-matrix 304 in 4ms :: [{"toolOne":{"id":"5351e9f4-d07b-45…
[2m6:25:31 PM[22m [36m[1m[vite][22m[39m [32mhmr update [39m[2m/src/App.tsx?v=mf86vujd, /src/index.css?v=mf86vujd[22m
[2m6:25:47 PM[22m [36m[1m[vite][22m[39m [32mhmr update [39m[2m/src/App.tsx?v=mf86vujd, /src/index.css?v=mf86vujd[22m
[2m6:25:47 PM[22m [36m[1m[vite][22m[39m [32mhmr update [39m[2m/src/pages/quickstart.tsx, /src/index.css?v=mf86vujd[22m
[2m6:45:49 PM[22m [36m[1m[vite][22m[39m [32mhmr update [39m[2m/src/pages/tool-database.tsx, /src/index.css?v=mf86vujd[22m
[2m6:45:55 PM[22m [36m[1m[vite][22m[39m [32mhmr update [39m[2m/src/pages/compatibility-matrix.tsx, /src/index.css?v=mf86vujd[22m
[2m6:46:39 PM[22m [36m[1m[vite][22m[39m [32mhmr update [39m[2m/src/pages/tool-database.tsx, /src/index.css?v=mf86vujd[22m
[2m6:46:39 PM[22m [36m[1m[vite][22m[39m [32mhmr update [39m[2m/src/components/edit-tool-dialog.tsx, /src/index.css?v=mf86vujd[22m
[2m6:46:39 PM[22m [36m[1m[vite][22m[39m [32mhmr update [39m[2m/src/pages/compatibility-matrix.tsx, /src/index.css?v=mf86vujd[22m
[2m6:50:06 PM[22m [36m[1m[vite][22m[39m [32mhmr update [39m[2m/src/pages/tool-database.tsx, /src/index.css?v=mf86vujd[22m
[2m6:50:35 PM[22m [36m[1m[vite][22m[39m [32mhmr update [39m[2m/src/pages/tool-database.tsx, /src/index.css?v=mf86vujd[22m
[2m8:11:13 PM[22m [36m[1m[vite][22m[39m [32mhmr update [39m[2m/src/pages/tool-database.tsx, /src/index.css?v=mf86vujd[22m
[2m8:11:14 PM[22m [31m[1m[vite][22m[39m [31mInternal server error: Failed to resolve import "fuse.js" from "client/src/pages/tool-database.tsx". Does the file exist?[39m
  Plugin: [35mvite:import-analysis[39m
  File: [36mF:/Demos/Stackfast/client/src/pages/tool-database.tsx[39m:19:17
[33m  33 |  import { EditToolDialog } from "@/components/edit-tool-dialog";
  34 |  import { usePaginatedTools } from "@/hooks/use-paginated-tools";
  35 |  import Fuse from "fuse.js";
     |                    ^
  36 |  export default function ToolDatabasePage({ searchQuery, categoryFilter }) {
  37 |    _s();[39m
      at TransformPluginContext._formatError (F:\Demos\Stackfast\node_modules\vite\dist\node\chunks\dep-C6uTJdX2.js:49258:41)
      at TransformPluginContext.error (F:\Demos\Stackfast\node_modules\vite\dist\node\chunks\dep-C6uTJdX2.js:49253:16)
      at normalizeUrl (F:\Demos\Stackfast\node_modules\vite\dist\node\chunks\dep-C6uTJdX2.js:64291:23)
      at process.processTicksAndRejections (node:internal/process/task_queues:105:5)
      at async <anonymous> (F:\Demos\Stackfast\node_modules\vite\dist\node\chunks\dep-C6uTJdX2.js:64423:39)
      at async Promise.all (index 20)
      at async TransformPluginContext.transform (F:\Demos\Stackfast\node_modules\vite\dist\node\chunks\dep-C6uTJdX2.js:64350:7)
      at async PluginContainer.transform (F:\Demos\Stackfast\node_modules\vite\dist\node\chunks\dep-C6uTJdX2.js:49099:18)
      at async loadAndTransform (F:\Demos\Stackfast\node_modules\vite\dist\node\chunks\dep-C6uTJdX2.js:51977:27)
      at async viteTransformMiddleware (F:\Demos\Stackfast\node_modules\vite\dist\node\chunks\dep-C6uTJdX2.js:62105:24)
